<?xml version="1.0" encoding="UTF-8" ?>
<testsuite tests="12" failures="1" name="TestSuite" time="303.595" errors="0" skipped="11">
  <properties>
[...]
</properties>
  <testcase classname="com.crm.qa.tests.loginPageTest" name="setUp" time="303.595">
    <failure message="timeout: Timed out receiving message from renderer: 29.152
  (Session info: chrome=81.0.4044.92)
Build info: version: &apos;3.141.59&apos;, revision: &apos;e82be7d358&apos;, time: &apos;2018-11-14T08:17:03&apos;
System info: host: &apos;ATAUSER9-PC&apos;, ip: &apos;192.168.29.200&apos;, os.name: &apos;Windows 7&apos;, os.arch: &apos;amd64&apos;, os.version: &apos;6.1&apos;, java.version: &apos;1.8.0_221&apos;
Driver info: org.openqa.selenium.chrome.ChromeDriver
Capabilities {acceptInsecureCerts: false, browserName: chrome, browserVersion: 81.0.4044.92, chrome: {chromedriverVersion: 81.0.4044.69 (6813546031a4b..., userDataDir: C:\Windows\TEMP\scoped_dir1...}, goog:chromeOptions: {debuggerAddress: localhost:59841}, javascriptEnabled: true, networkConnectionEnabled: false, pageLoadStrategy: normal, platform: WINDOWS, platformName: WINDOWS, proxy: Proxy(), setWindowRect: true, strictFileInteractability: false, timeouts: {implicit: 0, pageLoad: 300000, script: 30000}, unhandledPromptBehavior: dismiss and notify, webauthn:virtualAuthenticators: true}
Session ID: c04c2cf319836310100b85197b877590" type="org.openqa.selenium.TimeoutException">org.openqa.selenium.TimeoutException: timeout: Timed out receiving message from renderer: 29.152
  (Session info: chrome=81.0.4044.92)
Build info: version: &apos;3.141.59&apos;, revision: &apos;e82be7d358&apos;, time: &apos;2018-11-14T08:17:03&apos;
System info: host: &apos;ATAUSER9-PC&apos;, ip: &apos;192.168.29.200&apos;, os.name: &apos;Windows 7&apos;, os.arch: &apos;amd64&apos;, os.version: &apos;6.1&apos;, java.version: &apos;1.8.0_221&apos;
Driver info: org.openqa.selenium.chrome.ChromeDriver
Capabilities {acceptInsecureCerts: false, browserName: chrome, browserVersion: 81.0.4044.92, chrome: {chromedriverVersion: 81.0.4044.69 (6813546031a4b..., userDataDir: C:\Windows\TEMP\scoped_dir1...}, goog:chromeOptions: {debuggerAddress: localhost:59841}, javascriptEnabled: true, networkConnectionEnabled: false, pageLoadStrategy: normal, platform: WINDOWS, platformName: WINDOWS, proxy: Proxy(), setWindowRect: true, strictFileInteractability: false, timeouts: {implicit: 0, pageLoad: 300000, script: 30000}, unhandledPromptBehavior: dismiss and notify, webauthn:virtualAuthenticators: true}
Session ID: c04c2cf319836310100b85197b877590
	at sun.reflect.NativeConstructorAccessorImpl.newInstance0(Native Method)
	at sun.reflect.NativeConstructorAccessorImpl.newInstance(NativeConstructorAccessorImpl.java:62)
	at sun.reflect.DelegatingConstructorAccessorImpl.newInstance(DelegatingConstructorAccessorImpl.java:45)
	at java.lang.reflect.Constructor.newInstance(Constructor.java:423)
	at org.openqa.selenium.remote.http.W3CHttpResponseCodec.createException(W3CHttpResponseCodec.java:187)
	at org.openqa.selenium.remote.http.W3CHttpResponseCodec.decode(W3CHttpResponseCodec.java:122)
	at org.openqa.selenium.remote.http.W3CHttpResponseCodec.decode(W3CHttpResponseCodec.java:49)
	at org.openqa.selenium.remote.HttpCommandExecutor.execute(HttpCommandExecutor.java:158)
	at org.openqa.selenium.remote.service.DriverCommandExecutor.execute(DriverCommandExecutor.java:83)
	at org.openqa.selenium.remote.RemoteWebDriver.execute(RemoteWebDriver.java:552)
	at org.openqa.selenium.remote.RemoteWebDriver.get(RemoteWebDriver.java:277)
	at sun.reflect.NativeMethodAccessorImpl.invoke0(Native Method)
	at sun.reflect.NativeMethodAccessorImpl.invoke(NativeMethodAccessorImpl.java:62)
	at sun.reflect.DelegatingMethodAccessorImpl.invoke(DelegatingMethodAccessorImpl.java:43)
	at java.lang.reflect.Method.invoke(Method.java:498)
	at org.openqa.selenium.support.events.EventFiringWebDriver.lambda$new$1(EventFiringWebDriver.java:105)
	at com.sun.proxy.$Proxy6.get(Unknown Source)
	at org.openqa.selenium.support.events.EventFiringWebDriver.get(EventFiringWebDriver.java:165)
	at com.crm.qa.base.Testbase.initialization(Testbase.java:67)
	at com.crm.qa.tests.loginPageTest.setUp(loginPageTest.java:21)
</failure>
    <system-out>Configuring TestNG with: org.apache.maven.surefire.testng.conf.TestNG652Configurator@2ac1fdc4
Before navigating to: &apos;https://freecrm.com/&apos;
Navigated to:&apos;https://freecrm.com/&apos;
Trying to find Element By : By.xpath: //span[contains(text(),&apos;Log In&apos;)]
Found Element By : By.xpath: //span[contains(text(),&apos;Log In&apos;)]
Trying to click on: [[ChromeDriver: chrome on WINDOWS (c5507e946d240381d153ef622d6b5b36)] -&gt; xpath: //span[contains(text(),&apos;Log In&apos;)]]
Clicked on: [[ChromeDriver: chrome on WINDOWS (c5507e946d240381d153ef622d6b5b36)] -&gt; xpath: //span[contains(text(),&apos;Log In&apos;)]]
Trying to find Element By : By.name: email
Found Element By : By.name: email
Trying to find Element By : By.name: password
Found Element By : By.name: password
Trying to find Element By : By.xpath: //div[text()=&apos;Login&apos;]
Found Element By : By.xpath: //div[text()=&apos;Login&apos;]
Trying to click on: [[ChromeDriver: chrome on WINDOWS (c5507e946d240381d153ef622d6b5b36)] -&gt; xpath: //div[text()=&apos;Login&apos;]]
Clicked on: [[ChromeDriver: chrome on WINDOWS (c5507e946d240381d153ef622d6b5b36)] -&gt; xpath: //div[text()=&apos;Login&apos;]]
Trying to find Element By : By.xpath: //span[contains(text(),&apos;Contacts&apos;)]
Found Element By : By.xpath: //span[contains(text(),&apos;Contacts&apos;)]
Trying to click on: [[ChromeDriver: chrome on WINDOWS (c5507e946d240381d153ef622d6b5b36)] -&gt; xpath: //span[contains(text(),&apos;Contacts&apos;)]]
Clicked on: [[ChromeDriver: chrome on WINDOWS (c5507e946d240381d153ef622d6b5b36)] -&gt; xpath: //span[contains(text(),&apos;Contacts&apos;)]]
Before navigating to: &apos;https://freecrm.com/&apos;
Navigated to:&apos;https://freecrm.com/&apos;
Trying to find Element By : By.xpath: //span[contains(text(),&apos;Log In&apos;)]
Found Element By : By.xpath: //span[contains(text(),&apos;Log In&apos;)]
Trying to click on: [[ChromeDriver: chrome on WINDOWS (ffd3211571ab5dcd45390e4362165170)] -&gt; xpath: //span[contains(text(),&apos;Log In&apos;)]]
Clicked on: [[ChromeDriver: chrome on WINDOWS (ffd3211571ab5dcd45390e4362165170)] -&gt; xpath: //span[contains(text(),&apos;Log In&apos;)]]
Trying to find Element By : By.name: email
Found Element By : By.name: email
Trying to find Element By : By.name: password
Found Element By : By.name: password
Trying to find Element By : By.xpath: //div[text()=&apos;Login&apos;]
Found Element By : By.xpath: //div[text()=&apos;Login&apos;]
Trying to click on: [[ChromeDriver: chrome on WINDOWS (ffd3211571ab5dcd45390e4362165170)] -&gt; xpath: //div[text()=&apos;Login&apos;]]
Clicked on: [[ChromeDriver: chrome on WINDOWS (ffd3211571ab5dcd45390e4362165170)] -&gt; xpath: //div[text()=&apos;Login&apos;]]
Before navigating to: &apos;https://freecrm.com/&apos;
Exception occured: org.openqa.selenium.TimeoutException: timeout: Timed out receiving message from renderer: 29.152
  (Session info: chrome=81.0.4044.92)
Build info: version: &apos;3.141.59&apos;, revision: &apos;e82be7d358&apos;, time: &apos;2018-11-14T08:17:03&apos;
System info: host: &apos;ATAUSER9-PC&apos;, ip: &apos;192.168.29.200&apos;, os.name: &apos;Windows 7&apos;, os.arch: &apos;amd64&apos;, os.version: &apos;6.1&apos;, java.version: &apos;1.8.0_221&apos;
Driver info: org.openqa.selenium.chrome.ChromeDriver
Capabilities {acceptInsecureCerts: false, browserName: chrome, browserVersion: 81.0.4044.92, chrome: {chromedriverVersion: 81.0.4044.69 (6813546031a4b..., userDataDir: C:\Windows\TEMP\scoped_dir1...}, goog:chromeOptions: {debuggerAddress: localhost:59841}, javascriptEnabled: true, networkConnectionEnabled: false, pageLoadStrategy: normal, platform: WINDOWS, platformName: WINDOWS, proxy: Proxy(), setWindowRect: true, strictFileInteractability: false, timeouts: {implicit: 0, pageLoad: 300000, script: 30000}, unhandledPromptBehavior: dismiss and notify, webauthn:virtualAuthenticators: true}
Session ID: c04c2cf319836310100b85197b877590
</system-out>
    <system-err>Starting ChromeDriver 81.0.4044.69 (6813546031a4bc83f717a2ef7cd4ac6ec1199132-refs/branch-heads/4044@{#776}) on port 20354
Only local connections are allowed.
Please protect ports used by ChromeDriver and related test frameworks to prevent access by malicious code.
[1586969106.510][WARNING]: Timed out connecting to Chrome, retrying...
Apr 15, 2020 11:45:23 AM org.openqa.selenium.remote.ProtocolHandshake createSession
INFO: Detected dialect: W3C
[1586969154.867][SEVERE]: Timed out receiving message from renderer: 0.100
[1586969154.970][SEVERE]: Timed out receiving message from renderer: 0.100
[1586969155.072][SEVERE]: Timed out receiving message from renderer: 0.100
[1586969155.175][SEVERE]: Timed out receiving message from renderer: 0.100
[1586969155.282][SEVERE]: Timed out receiving message from renderer: 0.100
[1586969155.660][SEVERE]: Timed out receiving message from renderer: 0.100
[1586969155.765][SEVERE]: Timed out receiving message from renderer: 0.100
[1586969156.168][SEVERE]: Timed out receiving message from renderer: 0.100
[1586969156.269][SEVERE]: Timed out receiving message from renderer: 0.100
[1586969156.373][SEVERE]: Timed out receiving message from renderer: 0.100
[1586969166.603][SEVERE]: Timed out receiving message from renderer: 0.100
[1586969166.709][SEVERE]: Timed out receiving message from renderer: 0.100
[1586969166.815][SEVERE]: Timed out receiving message from renderer: 0.100
[1586969166.917][SEVERE]: Timed out receiving message from renderer: 0.100
[1586969167.023][SEVERE]: Timed out receiving message from renderer: 0.100
[1586969167.128][SEVERE]: Timed out receiving message from renderer: 0.100
[1586969167.236][SEVERE]: Timed out receiving message from renderer: 0.100
[1586969168.925][SEVERE]: Timed out receiving message from renderer: 0.100
[1586969169.027][SEVERE]: Timed out receiving message from renderer: 0.100
[1586969169.140][SEVERE]: Timed out receiving message from renderer: 0.100
[1586969169.245][SEVERE]: Timed out receiving message from renderer: 0.100
[1586969169.352][SEVERE]: Timed out receiving message from renderer: 0.100
[1586969169.457][SEVERE]: Timed out receiving message from renderer: 0.100
[1586969169.566][SEVERE]: Timed out receiving message from renderer: 0.100
[1586969169.672][SEVERE]: Timed out receiving message from renderer: 0.100
[1586969169.827][SEVERE]: Timed out receiving message from renderer: 0.100
[1586969169.932][SEVERE]: Timed out receiving message from renderer: 0.100
[1586969170.042][SEVERE]: Timed out receiving message from renderer: 0.100
[1586969170.148][SEVERE]: Timed out receiving message from renderer: 0.100
[1586969170.261][SEVERE]: Timed out receiving message from renderer: 0.100
[1586969170.516][SEVERE]: Timed out receiving message from renderer: 0.100
[1586969172.886][SEVERE]: Timed out receiving message from renderer: 0.100
[1586969173.011][SEVERE]: Timed out receiving message from renderer: 0.100
[1586969173.115][SEVERE]: Timed out receiving message from renderer: 0.100
[1586969173.219][SEVERE]: Timed out receiving message from renderer: 0.100
[1586969173.326][SEVERE]: Timed out receiving message from renderer: 0.100
[1586969173.532][SEVERE]: Timed out receiving message from renderer: 0.100
[1586969173.645][SEVERE]: Timed out receiving message from renderer: 0.100
[1586969173.751][SEVERE]: Timed out receiving message from renderer: 0.100
[1586969174.321][SEVERE]: Timed out receiving message from renderer: 0.100
[1586969174.470][SEVERE]: Timed out receiving message from renderer: 0.100
[1586969174.572][SEVERE]: Timed out receiving message from renderer: 0.100
[1586969174.674][SEVERE]: Timed out receiving message from renderer: 0.100
[1586969174.864][SEVERE]: Timed out receiving message from renderer: 0.100
[1586969174.965][SEVERE]: Timed out receiving message from renderer: 0.100
[1586969175.067][SEVERE]: Timed out receiving message from renderer: 0.100
[1586969175.168][SEVERE]: Timed out receiving message from renderer: 0.100
[1586969177.369][SEVERE]: Timed out receiving message from renderer: 0.100
Starting ChromeDriver 81.0.4044.69 (6813546031a4bc83f717a2ef7cd4ac6ec1199132-refs/branch-heads/4044@{#776}) on port 34276
Only local connections are allowed.
Please protect ports used by ChromeDriver and related test frameworks to prevent access by malicious code.
Apr 15, 2020 11:47:02 AM org.openqa.selenium.remote.ProtocolHandshake createSession
INFO: Detected dialect: W3C
[1586969259.236][SEVERE]: Timed out receiving message from renderer: 0.100
[1586969259.434][SEVERE]: Timed out receiving message from renderer: 0.100
[1586969259.540][SEVERE]: Timed out receiving message from renderer: 0.100
[1586969259.644][SEVERE]: Timed out receiving message from renderer: 0.100
[1586969259.753][SEVERE]: Timed out receiving message from renderer: 0.100
[1586969259.859][SEVERE]: Timed out receiving message from renderer: 0.100
[1586969259.961][SEVERE]: Timed out receiving message from renderer: 0.100
[1586969260.063][SEVERE]: Timed out receiving message from renderer: 0.100
[1586969260.167][SEVERE]: Timed out receiving message from renderer: 0.100
[1586969260.274][SEVERE]: Timed out receiving message from renderer: 0.100
[1586969260.380][SEVERE]: Timed out receiving message from renderer: 0.100
[1586969260.485][SEVERE]: Timed out receiving message from renderer: 0.100
[1586969260.587][SEVERE]: Timed out receiving message from renderer: 0.100
[1586969260.692][SEVERE]: Timed out receiving message from renderer: 0.100
[1586969260.797][SEVERE]: Timed out receiving message from renderer: 0.100
[1586969260.928][SEVERE]: Timed out receiving message from renderer: 0.100
[1586969261.029][SEVERE]: Timed out receiving message from renderer: 0.100
[1586969261.137][SEVERE]: Timed out receiving message from renderer: 0.100
[1586969261.256][SEVERE]: Timed out receiving message from renderer: 0.100
[1586969261.358][SEVERE]: Timed out receiving message from renderer: 0.100
[1586969261.464][SEVERE]: Timed out receiving message from renderer: 0.100
[1586969261.574][SEVERE]: Timed out receiving message from renderer: 0.100
[1586969261.686][SEVERE]: Timed out receiving message from renderer: 0.100
[1586969261.790][SEVERE]: Timed out receiving message from renderer: 0.100
[1586969261.892][SEVERE]: Timed out receiving message from renderer: 0.100
[1586969261.994][SEVERE]: Timed out receiving message from renderer: 0.100
[1586969262.096][SEVERE]: Timed out receiving message from renderer: 0.100
[1586969262.199][SEVERE]: Timed out receiving message from renderer: 0.100
[1586969262.305][SEVERE]: Timed out receiving message from renderer: 0.100
[1586969262.413][SEVERE]: Timed out receiving message from renderer: 0.100
[1586969262.519][SEVERE]: Timed out receiving message from renderer: 0.100
[1586969262.624][SEVERE]: Timed out receiving message from renderer: 0.100
[1586969262.729][SEVERE]: Timed out receiving message from renderer: 0.100
[1586969262.830][SEVERE]: Timed out receiving message from renderer: 0.100
[1586969262.932][SEVERE]: Timed out receiving message from renderer: 0.100
[1586969263.043][SEVERE]: Timed out receiving message from renderer: 0.100
[1586969263.147][SEVERE]: Timed out receiving message from renderer: 0.100
[1586969263.250][SEVERE]: Timed out receiving message from renderer: 0.100
[1586969263.359][SEVERE]: Timed out receiving message from renderer: 0.100
[1586969263.464][SEVERE]: Timed out receiving message from renderer: 0.100
[1586969264.900][SEVERE]: Timed out receiving message from renderer: 0.100
[1586969265.005][SEVERE]: Timed out receiving message from renderer: 0.100
[1586969265.107][SEVERE]: Timed out receiving message from renderer: 0.100
[1586969265.209][SEVERE]: Timed out receiving message from renderer: 0.100
[1586969265.314][SEVERE]: Timed out receiving message from renderer: 0.100
[1586969265.418][SEVERE]: Timed out receiving message from renderer: 0.100
[1586969265.541][SEVERE]: Timed out receiving message from renderer: 0.100
[1586969265.645][SEVERE]: Timed out receiving message from renderer: 0.100
[1586969265.751][SEVERE]: Timed out receiving message from renderer: 0.100
[1586969265.864][SEVERE]: Timed out receiving message from renderer: 0.100
[1586969266.281][SEVERE]: Timed out receiving message from renderer: 0.100
[1586969266.471][SEVERE]: Timed out receiving message from renderer: 0.100
[1586969266.663][SEVERE]: Timed out receiving message from renderer: 0.100
[1586969266.949][SEVERE]: Timed out receiving message from renderer: 0.100
[1586969267.056][SEVERE]: Timed out receiving message from renderer: 0.100
[1586969267.225][SEVERE]: Timed out receiving message from renderer: 0.100
[1586969267.329][SEVERE]: Timed out receiving message from renderer: 0.100
[1586969267.449][SEVERE]: Timed out receiving message from renderer: 0.100
Starting ChromeDriver 81.0.4044.69 (6813546031a4bc83f717a2ef7cd4ac6ec1199132-refs/branch-heads/4044@{#776}) on port 22928
Only local connections are allowed.
Please protect ports used by ChromeDriver and related test frameworks to prevent access by malicious code.
Apr 15, 2020 11:48:26 AM org.openqa.selenium.remote.ProtocolHandshake createSession
INFO: Detected dialect: W3C
[1586969325.548][SEVERE]: Timed out receiving message from renderer: 0.100
[1586969325.663][SEVERE]: Timed out receiving message from renderer: 0.100
[1586969325.796][SEVERE]: Timed out receiving message from renderer: 0.100
[1586969325.898][SEVERE]: Timed out receiving message from renderer: 0.100
[1586969326.003][SEVERE]: Timed out receiving message from renderer: 0.100
[1586969326.108][SEVERE]: Timed out receiving message from renderer: 0.100
[1586969326.216][SEVERE]: Timed out receiving message from renderer: 0.100
[1586969372.656][SEVERE]: Timed out receiving message from renderer: 29.152
[1586969372.658][SEVERE]: Timed out receiving message from renderer: 29.152
</system-err>
  </testcase>
  <testcase classname="com.crm.qa.tests.ContactsPageTest" name="validateHeader" time="0">
    <skipped/>
  </testcase>
  <testcase classname="com.crm.qa.tests.ContactsPageTest" name="validateContactsTable" time="0">
    <skipped/>
  </testcase>
  <testcase classname="com.crm.qa.tests.HomePageTest" name="validateHomePageTitleTest" time="0">
    <skipped/>
  </testcase>
  <testcase classname="com.crm.qa.tests.HomePageTest" name="validateDealsLink" time="0">
    <skipped/>
  </testcase>
  <testcase classname="com.crm.qa.tests.HomePageTest" name="validateUsername" time="0">
    <skipped/>
  </testcase>
  <testcase classname="com.crm.qa.tests.loginPageTest" name="validateLoginPageTitleTest" time="0">
    <skipped/>
  </testcase>
  <testcase classname="com.crm.qa.tests.loginPageTest" name="validateCRMLogoTest" time="0">
    <skipped/>
  </testcase>
  <testcase classname="com.crm.qa.tests.loginPageTest" name="validateLoginTest" time="0">
    <skipped/>
  </testcase>
  <testcase classname="com.crm.qa.tests.ContactsPageTest" name="tearDown" time="0">
    <skipped/>
  </testcase>
  <testcase classname="com.crm.qa.tests.HomePageTest" name="tearDown" time="0">
    <skipped/>
  </testcase>
  <testcase classname="com.crm.qa.tests.loginPageTest" name="tearDown" time="0">
    <skipped/>
  </testcase>
</testsuite>