<?xml version="1.0" encoding="UTF-8" ?>
<testsuite tests="8" failures="5" name="TestSuite" time="23.625" errors="0" skipped="0">
  <properties>
[...]
</properties>
  <testcase classname="com.crm.qa.tests.ContactsPageTest" name="validateHeader" time="5.028">
    <failure message="chrome not reachable
  (Session info: chrome=81.0.4044.113)
Build info: version: &apos;3.141.59&apos;, revision: &apos;e82be7d358&apos;, time: &apos;2018-11-14T08:17:03&apos;
System info: host: &apos;ATAUSER9-PC&apos;, ip: &apos;192.168.29.200&apos;, os.name: &apos;Windows 7&apos;, os.arch: &apos;amd64&apos;, os.version: &apos;6.1&apos;, java.version: &apos;1.8.0_221&apos;
Driver info: org.openqa.selenium.chrome.ChromeDriver
Capabilities {acceptInsecureCerts: false, browserName: chrome, browserVersion: 81.0.4044.113, chrome: {chromedriverVersion: 81.0.4044.69 (6813546031a4b..., userDataDir: C:\Users\Sainath\AppData\Lo...}, goog:chromeOptions: {debuggerAddress: localhost:53016}, javascriptEnabled: true, networkConnectionEnabled: false, pageLoadStrategy: normal, platform: WINDOWS, platformName: WINDOWS, proxy: Proxy(), setWindowRect: true, strictFileInteractability: false, timeouts: {implicit: 0, pageLoad: 300000, script: 30000}, unhandledPromptBehavior: dismiss and notify, webauthn:virtualAuthenticators: true}
Session ID: 2fc51f4b5b9b5e14d71eaf2db0480461
*** Element info: {Using=xpath, value=//div[contains(@class,&apos;ui header&apos;)]}" type="org.openqa.selenium.WebDriverException">org.openqa.selenium.WebDriverException: chrome not reachable
  (Session info: chrome=81.0.4044.113)
Build info: version: &apos;3.141.59&apos;, revision: &apos;e82be7d358&apos;, time: &apos;2018-11-14T08:17:03&apos;
System info: host: &apos;ATAUSER9-PC&apos;, ip: &apos;192.168.29.200&apos;, os.name: &apos;Windows 7&apos;, os.arch: &apos;amd64&apos;, os.version: &apos;6.1&apos;, java.version: &apos;1.8.0_221&apos;
Driver info: org.openqa.selenium.chrome.ChromeDriver
Capabilities {acceptInsecureCerts: false, browserName: chrome, browserVersion: 81.0.4044.113, chrome: {chromedriverVersion: 81.0.4044.69 (6813546031a4b..., userDataDir: C:\Users\Sainath\AppData\Lo...}, goog:chromeOptions: {debuggerAddress: localhost:53016}, javascriptEnabled: true, networkConnectionEnabled: false, pageLoadStrategy: normal, platform: WINDOWS, platformName: WINDOWS, proxy: Proxy(), setWindowRect: true, strictFileInteractability: false, timeouts: {implicit: 0, pageLoad: 300000, script: 30000}, unhandledPromptBehavior: dismiss and notify, webauthn:virtualAuthenticators: true}
Session ID: 2fc51f4b5b9b5e14d71eaf2db0480461
*** Element info: {Using=xpath, value=//div[contains(@class,&apos;ui header&apos;)]}
	at sun.reflect.NativeConstructorAccessorImpl.newInstance0(Native Method)
	at sun.reflect.NativeConstructorAccessorImpl.newInstance(NativeConstructorAccessorImpl.java:62)
	at sun.reflect.DelegatingConstructorAccessorImpl.newInstance(DelegatingConstructorAccessorImpl.java:45)
	at java.lang.reflect.Constructor.newInstance(Constructor.java:423)
	at org.openqa.selenium.remote.http.W3CHttpResponseCodec.createException(W3CHttpResponseCodec.java:187)
	at org.openqa.selenium.remote.http.W3CHttpResponseCodec.decode(W3CHttpResponseCodec.java:122)
	at org.openqa.selenium.remote.http.W3CHttpResponseCodec.decode(W3CHttpResponseCodec.java:49)
	at org.openqa.selenium.remote.HttpCommandExecutor.execute(HttpCommandExecutor.java:158)
	at org.openqa.selenium.remote.service.DriverCommandExecutor.execute(DriverCommandExecutor.java:83)
	at org.openqa.selenium.remote.RemoteWebDriver.execute(RemoteWebDriver.java:552)
	at org.openqa.selenium.remote.RemoteWebDriver.findElement(RemoteWebDriver.java:323)
	at org.openqa.selenium.remote.RemoteWebDriver.findElementByXPath(RemoteWebDriver.java:428)
	at org.openqa.selenium.By$ByXPath.findElement(By.java:353)
	at org.openqa.selenium.remote.RemoteWebDriver.findElement(RemoteWebDriver.java:315)
	at sun.reflect.NativeMethodAccessorImpl.invoke0(Native Method)
	at sun.reflect.NativeMethodAccessorImpl.invoke(NativeMethodAccessorImpl.java:62)
	at sun.reflect.DelegatingMethodAccessorImpl.invoke(DelegatingMethodAccessorImpl.java:43)
	at java.lang.reflect.Method.invoke(Method.java:498)
	at org.openqa.selenium.support.events.EventFiringWebDriver.lambda$new$1(EventFiringWebDriver.java:105)
	at com.sun.proxy.$Proxy6.findElement(Unknown Source)
	at org.openqa.selenium.support.events.EventFiringWebDriver.findElement(EventFiringWebDriver.java:194)
	at org.openqa.selenium.support.pagefactory.DefaultElementLocator.findElement(DefaultElementLocator.java:69)
	at org.openqa.selenium.support.pagefactory.internal.LocatingElementHandler.invoke(LocatingElementHandler.java:38)
	at com.sun.proxy.$Proxy10.getText(Unknown Source)
	at com.crm.qa.pages.ContactsPage.getHeader(ContactsPage.java:58)
	at com.crm.qa.tests.ContactsPageTest.validateHeader(ContactsPageTest.java:42)
</failure>
    <system-out>Configuring TestNG with: org.apache.maven.surefire.testng.conf.TestNG652Configurator@2ac1fdc4
Before navigating to: &apos;https://freecrm.com/&apos;
Navigated to:&apos;https://freecrm.com/&apos;
Trying to find Element By : By.xpath: //span[contains(text(),&apos;Log In&apos;)]
Found Element By : By.xpath: //span[contains(text(),&apos;Log In&apos;)]
Trying to click on: [[ChromeDriver: chrome on WINDOWS (2fc51f4b5b9b5e14d71eaf2db0480461)] -&gt; xpath: //span[contains(text(),&apos;Log In&apos;)]]
Clicked on: [[ChromeDriver: chrome on WINDOWS (2fc51f4b5b9b5e14d71eaf2db0480461)] -&gt; xpath: //span[contains(text(),&apos;Log In&apos;)]]
Trying to find Element By : By.name: email
Found Element By : By.name: email
Trying to find Element By : By.name: password
Found Element By : By.name: password
Trying to find Element By : By.xpath: //div[text()=&apos;Login&apos;]
Found Element By : By.xpath: //div[text()=&apos;Login&apos;]
Trying to click on: [[ChromeDriver: chrome on WINDOWS (2fc51f4b5b9b5e14d71eaf2db0480461)] -&gt; xpath: //div[text()=&apos;Login&apos;]]
Clicked on: [[ChromeDriver: chrome on WINDOWS (2fc51f4b5b9b5e14d71eaf2db0480461)] -&gt; xpath: //div[text()=&apos;Login&apos;]]
Trying to find Element By : By.xpath: //span[contains(text(),&apos;Contacts&apos;)]
Found Element By : By.xpath: //span[contains(text(),&apos;Contacts&apos;)]
Trying to click on: [[ChromeDriver: chrome on WINDOWS (2fc51f4b5b9b5e14d71eaf2db0480461)] -&gt; xpath: //span[contains(text(),&apos;Contacts&apos;)]]
Clicked on: [[ChromeDriver: chrome on WINDOWS (2fc51f4b5b9b5e14d71eaf2db0480461)] -&gt; xpath: //span[contains(text(),&apos;Contacts&apos;)]]
Before navigating to: &apos;https://freecrm.com/&apos;
Navigated to:&apos;https://freecrm.com/&apos;
Trying to find Element By : By.xpath: //span[contains(text(),&apos;Log In&apos;)]
Found Element By : By.xpath: //span[contains(text(),&apos;Log In&apos;)]
Trying to click on: [[ChromeDriver: chrome on WINDOWS (ba6a3329ca3847e858f2f2957fb9cfc4)] -&gt; xpath: //span[contains(text(),&apos;Log In&apos;)]]
Clicked on: [[ChromeDriver: chrome on WINDOWS (ba6a3329ca3847e858f2f2957fb9cfc4)] -&gt; xpath: //span[contains(text(),&apos;Log In&apos;)]]
Trying to find Element By : By.name: email
Found Element By : By.name: email
Trying to find Element By : By.name: password
Found Element By : By.name: password
Trying to find Element By : By.xpath: //div[text()=&apos;Login&apos;]
Found Element By : By.xpath: //div[text()=&apos;Login&apos;]
Trying to click on: [[ChromeDriver: chrome on WINDOWS (ba6a3329ca3847e858f2f2957fb9cfc4)] -&gt; xpath: //div[text()=&apos;Login&apos;]]
Clicked on: [[ChromeDriver: chrome on WINDOWS (ba6a3329ca3847e858f2f2957fb9cfc4)] -&gt; xpath: //div[text()=&apos;Login&apos;]]
Before navigating to: &apos;https://freecrm.com/&apos;
Navigated to:&apos;https://freecrm.com/&apos;
Trying to find Element By : By.xpath: //div[contains(@class,&apos;ui header&apos;)]
Exception occured: org.openqa.selenium.WebDriverException: chrome not reachable
  (Session info: chrome=81.0.4044.113)
Build info: version: &apos;3.141.59&apos;, revision: &apos;e82be7d358&apos;, time: &apos;2018-11-14T08:17:03&apos;
System info: host: &apos;ATAUSER9-PC&apos;, ip: &apos;192.168.29.200&apos;, os.name: &apos;Windows 7&apos;, os.arch: &apos;amd64&apos;, os.version: &apos;6.1&apos;, java.version: &apos;1.8.0_221&apos;
Driver info: org.openqa.selenium.chrome.ChromeDriver
Capabilities {acceptInsecureCerts: false, browserName: chrome, browserVersion: 81.0.4044.113, chrome: {chromedriverVersion: 81.0.4044.69 (6813546031a4b..., userDataDir: C:\Users\Sainath\AppData\Lo...}, goog:chromeOptions: {debuggerAddress: localhost:53016}, javascriptEnabled: true, networkConnectionEnabled: false, pageLoadStrategy: normal, platform: WINDOWS, platformName: WINDOWS, proxy: Proxy(), setWindowRect: true, strictFileInteractability: false, timeouts: {implicit: 0, pageLoad: 300000, script: 30000}, unhandledPromptBehavior: dismiss and notify, webauthn:virtualAuthenticators: true}
Session ID: 2fc51f4b5b9b5e14d71eaf2db0480461
*** Element info: {Using=xpath, value=//div[contains(@class,&apos;ui header&apos;)]}
</system-out>
    <system-err>Starting ChromeDriver 81.0.4044.69 (6813546031a4bc83f717a2ef7cd4ac6ec1199132-refs/branch-heads/4044@{#776}) on port 11765
Only local connections are allowed.
Please protect ports used by ChromeDriver and related test frameworks to prevent access by malicious code.
Apr 15, 2020 4:40:10 PM org.openqa.selenium.remote.ProtocolHandshake createSession
INFO: Detected dialect: W3C
[1586986813.718][SEVERE]: Timed out receiving message from renderer: 0.100
[1586986813.848][SEVERE]: Timed out receiving message from renderer: 0.100
[1586986813.950][SEVERE]: Timed out receiving message from renderer: 0.100
[1586986814.190][SEVERE]: Timed out receiving message from renderer: 0.100
[1586986814.294][SEVERE]: Timed out receiving message from renderer: 0.100
[1586986814.399][SEVERE]: Timed out receiving message from renderer: 0.100
[1586986814.502][SEVERE]: Timed out receiving message from renderer: 0.100
[1586986814.607][SEVERE]: Timed out receiving message from renderer: 0.100
[1586986814.711][SEVERE]: Timed out receiving message from renderer: 0.100
[1586986814.814][SEVERE]: Timed out receiving message from renderer: 0.100
[1586986814.921][SEVERE]: Timed out receiving message from renderer: 0.100
[1586986815.046][SEVERE]: Timed out receiving message from renderer: 0.100
[1586986815.148][SEVERE]: Timed out receiving message from renderer: 0.100
[1586986815.252][SEVERE]: Timed out receiving message from renderer: 0.100
[1586986815.355][SEVERE]: Timed out receiving message from renderer: 0.100
[1586986815.459][SEVERE]: Timed out receiving message from renderer: 0.100
[1586986815.570][SEVERE]: Timed out receiving message from renderer: 0.100
[1586986815.781][SEVERE]: Timed out receiving message from renderer: 0.100
Starting ChromeDriver 81.0.4044.69 (6813546031a4bc83f717a2ef7cd4ac6ec1199132-refs/branch-heads/4044@{#776}) on port 25025
Only local connections are allowed.
Please protect ports used by ChromeDriver and related test frameworks to prevent access by malicious code.
Apr 15, 2020 4:40:31 PM org.openqa.selenium.remote.ProtocolHandshake createSession
INFO: Detected dialect: W3C
[1586986837.295][SEVERE]: Timed out receiving message from renderer: 0.100
[1586986837.607][SEVERE]: Timed out receiving message from renderer: 0.100
[1586986837.710][SEVERE]: Timed out receiving message from renderer: 0.100
[1586986837.812][SEVERE]: Timed out receiving message from renderer: 0.100
[1586986837.914][SEVERE]: Timed out receiving message from renderer: 0.100
[1586986838.019][SEVERE]: Timed out receiving message from renderer: 0.100
[1586986838.147][SEVERE]: Timed out receiving message from renderer: 0.100
[1586986838.248][SEVERE]: Timed out receiving message from renderer: 0.100
[1586986838.350][SEVERE]: Timed out receiving message from renderer: 0.100
[1586986838.451][SEVERE]: Timed out receiving message from renderer: 0.100
[1586986838.563][SEVERE]: Timed out receiving message from renderer: 0.100
[1586986838.665][SEVERE]: Timed out receiving message from renderer: 0.100
[1586986838.769][SEVERE]: Timed out receiving message from renderer: 0.100
[1586986842.255][SEVERE]: Timed out receiving message from renderer: 0.100
[1586986842.356][SEVERE]: Timed out receiving message from renderer: 0.100
[1586986842.467][SEVERE]: Timed out receiving message from renderer: 0.100
[1586986842.570][SEVERE]: Timed out receiving message from renderer: 0.100
[1586986842.672][SEVERE]: Timed out receiving message from renderer: 0.100
[1586986842.773][SEVERE]: Timed out receiving message from renderer: 0.100
[1586986842.875][SEVERE]: Timed out receiving message from renderer: 0.100
[1586986842.976][SEVERE]: Timed out receiving message from renderer: 0.100
[1586986843.079][SEVERE]: Timed out receiving message from renderer: 0.100
[1586986843.181][SEVERE]: Timed out receiving message from renderer: 0.100
[1586986843.282][SEVERE]: Timed out receiving message from renderer: 0.100
[1586986843.385][SEVERE]: Timed out receiving message from renderer: 0.100
[1586986843.487][SEVERE]: Timed out receiving message from renderer: 0.100
[1586986843.590][SEVERE]: Timed out receiving message from renderer: 0.100
[1586986843.693][SEVERE]: Timed out receiving message from renderer: 0.100
[1586986843.795][SEVERE]: Timed out receiving message from renderer: 0.100
[1586986844.266][SEVERE]: Timed out receiving message from renderer: 0.100
[1586986844.415][SEVERE]: Timed out receiving message from renderer: 0.100
[1586986844.516][SEVERE]: Timed out receiving message from renderer: 0.100
[1586986844.618][SEVERE]: Timed out receiving message from renderer: 0.100
[1586986844.719][SEVERE]: Timed out receiving message from renderer: 0.100
[1586986844.998][SEVERE]: Timed out receiving message from renderer: 0.100
[1586986845.102][SEVERE]: Timed out receiving message from renderer: 0.100
[1586986845.207][SEVERE]: Timed out receiving message from renderer: 0.100
[1586986845.324][SEVERE]: Timed out receiving message from renderer: 0.100
[1586986845.430][SEVERE]: Timed out receiving message from renderer: 0.100
[1586986845.531][SEVERE]: Timed out receiving message from renderer: 0.100
[1586986845.789][SEVERE]: Timed out receiving message from renderer: 0.100
[1586986845.890][SEVERE]: Timed out receiving message from renderer: 0.100
Starting ChromeDriver 81.0.4044.69 (6813546031a4bc83f717a2ef7cd4ac6ec1199132-refs/branch-heads/4044@{#776}) on port 21684
Only local connections are allowed.
Please protect ports used by ChromeDriver and related test frameworks to prevent access by malicious code.
Apr 15, 2020 4:40:53 PM org.openqa.selenium.remote.ProtocolHandshake createSession
INFO: Detected dialect: W3C
[1586986871.351][SEVERE]: Timed out receiving message from renderer: 0.100
[1586986871.453][SEVERE]: Timed out receiving message from renderer: 0.100
[1586986871.615][SEVERE]: Timed out receiving message from renderer: 0.100
[1586986871.721][SEVERE]: Timed out receiving message from renderer: 0.100
[1586986871.943][SEVERE]: Timed out receiving message from renderer: 0.100
[1586986872.045][SEVERE]: Timed out receiving message from renderer: 0.100
[1586986872.151][SEVERE]: Timed out receiving message from renderer: 0.100
[1586986872.365][SEVERE]: Timed out receiving message from renderer: 0.100
[1586986872.466][SEVERE]: Timed out receiving message from renderer: 0.100
[1586986872.571][SEVERE]: Timed out receiving message from renderer: 0.100
[1586986872.673][SEVERE]: Timed out receiving message from renderer: 0.100
[1586986872.775][SEVERE]: Timed out receiving message from renderer: 0.100
[1586986872.880][SEVERE]: Timed out receiving message from renderer: 0.100
[1586986872.984][SEVERE]: Timed out receiving message from renderer: 0.100
[1586986873.088][SEVERE]: Timed out receiving message from renderer: 0.100
[1586986873.193][SEVERE]: Timed out receiving message from renderer: 0.100
[1586986873.297][SEVERE]: Timed out receiving message from renderer: 0.100
[1586986873.420][SEVERE]: Timed out receiving message from renderer: 0.100
[1586986873.525][SEVERE]: Timed out receiving message from renderer: 0.100
[1586986873.629][SEVERE]: Timed out receiving message from renderer: 0.100
[1586986873.733][SEVERE]: Timed out receiving message from renderer: 0.100
[1586986873.837][SEVERE]: Timed out receiving message from renderer: 0.100
[1586986873.943][SEVERE]: Timed out receiving message from renderer: 0.100
[1586986874.058][SEVERE]: Timed out receiving message from renderer: 0.100
[1586986874.162][SEVERE]: Timed out receiving message from renderer: 0.100
[1586986874.267][SEVERE]: Timed out receiving message from renderer: 0.100
[1586986874.372][SEVERE]: Timed out receiving message from renderer: 0.100
[1586986874.473][SEVERE]: Timed out receiving message from renderer: 0.100
[1586986874.575][SEVERE]: Timed out receiving message from renderer: 0.100
[1586986874.683][SEVERE]: Timed out receiving message from renderer: 0.100
[1586986874.786][SEVERE]: Timed out receiving message from renderer: 0.100
[1586986874.888][SEVERE]: Timed out receiving message from renderer: 0.100
[1586986874.991][SEVERE]: Timed out receiving message from renderer: 0.100
[1586986875.102][SEVERE]: Timed out receiving message from renderer: 0.100
[1586986875.208][SEVERE]: Timed out receiving message from renderer: 0.100
[1586986875.328][SEVERE]: Timed out receiving message from renderer: 0.100
[1586986875.430][SEVERE]: Timed out receiving message from renderer: 0.100
[1586986875.532][SEVERE]: Timed out receiving message from renderer: 0.100
[1586986875.639][SEVERE]: Timed out receiving message from renderer: 0.100
[1586986875.744][SEVERE]: Timed out receiving message from renderer: 0.100
[1586986875.860][SEVERE]: Timed out receiving message from renderer: 0.100
[1586986875.962][SEVERE]: Timed out receiving message from renderer: 0.100
[1586986876.065][SEVERE]: Timed out receiving message from renderer: 0.100
[1586986876.170][SEVERE]: Timed out receiving message from renderer: 0.100
[1586986876.275][SEVERE]: Timed out receiving message from renderer: 0.100
[1586986876.385][SEVERE]: Timed out receiving message from renderer: 0.100
[1586986876.500][SEVERE]: Timed out receiving message from renderer: 0.100
[1586986876.604][SEVERE]: Timed out receiving message from renderer: 0.100
[1586986876.710][SEVERE]: Timed out receiving message from renderer: 0.100
[1586986877.157][SEVERE]: Timed out receiving message from renderer: 0.100
[1586986877.259][SEVERE]: Timed out receiving message from renderer: 0.100
[1586986877.364][SEVERE]: Timed out receiving message from renderer: 0.100
[1586986877.469][SEVERE]: Timed out receiving message from renderer: 0.100
[1586986877.570][SEVERE]: Timed out receiving message from renderer: 0.100
[1586986877.672][SEVERE]: Timed out receiving message from renderer: 0.100
[1586986877.777][SEVERE]: Timed out receiving message from renderer: 0.100
[1586986877.880][SEVERE]: Timed out receiving message from renderer: 0.100
[1586986877.985][SEVERE]: Timed out receiving message from renderer: 0.100
[1586986878.087][SEVERE]: Timed out receiving message from renderer: 0.100
[1586986878.188][SEVERE]: Timed out receiving message from renderer: 0.100
[1586986878.293][SEVERE]: Timed out receiving message from renderer: 0.100
[1586986878.398][SEVERE]: Timed out receiving message from renderer: 0.100
[1586986878.503][SEVERE]: Timed out receiving message from renderer: 0.100
[1586986878.605][SEVERE]: Timed out receiving message from renderer: 0.100
[1586986878.708][SEVERE]: Timed out receiving message from renderer: 0.100
[1586986878.821][SEVERE]: Timed out receiving message from renderer: 0.100
[1586986878.925][SEVERE]: Timed out receiving message from renderer: 0.100
[1586986879.028][SEVERE]: Timed out receiving message from renderer: 0.100
[1586986879.131][SEVERE]: Timed out receiving message from renderer: 0.100
[1586986879.237][SEVERE]: Timed out receiving message from renderer: 0.100
[1586986879.409][SEVERE]: Timed out receiving message from renderer: 0.100
[1586986879.603][SEVERE]: Timed out receiving message from renderer: 0.100
[1586986879.706][SEVERE]: Timed out receiving message from renderer: 0.100
[1586986879.811][SEVERE]: Timed out receiving message from renderer: 0.100
[1586986879.960][SEVERE]: Timed out receiving message from renderer: 0.100
[1586986880.077][SEVERE]: Timed out receiving message from renderer: 0.100
[1586986880.181][SEVERE]: Timed out receiving message from renderer: 0.100
[1586986880.286][SEVERE]: Timed out receiving message from renderer: 0.100
[1586986880.388][SEVERE]: Timed out receiving message from renderer: 0.100
[1586986880.583][SEVERE]: Timed out receiving message from renderer: 0.100
[1586986880.687][SEVERE]: Timed out receiving message from renderer: 0.100
[1586986880.790][SEVERE]: Timed out receiving message from renderer: 0.100
[1586986880.904][SEVERE]: Timed out receiving message from renderer: 0.100
</system-err>
  </testcase>
  <testcase classname="com.crm.qa.tests.ContactsPageTest" name="validateContactsTable" time="5.212">
    <failure message="chrome not reachable
  (Session info: chrome=81.0.4044.113)
Build info: version: &apos;3.141.59&apos;, revision: &apos;e82be7d358&apos;, time: &apos;2018-11-14T08:17:03&apos;
System info: host: &apos;ATAUSER9-PC&apos;, ip: &apos;192.168.29.200&apos;, os.name: &apos;Windows 7&apos;, os.arch: &apos;amd64&apos;, os.version: &apos;6.1&apos;, java.version: &apos;1.8.0_221&apos;
Driver info: org.openqa.selenium.chrome.ChromeDriver
Capabilities {acceptInsecureCerts: false, browserName: chrome, browserVersion: 81.0.4044.113, chrome: {chromedriverVersion: 81.0.4044.69 (6813546031a4b..., userDataDir: C:\Users\Sainath\AppData\Lo...}, goog:chromeOptions: {debuggerAddress: localhost:53016}, javascriptEnabled: true, networkConnectionEnabled: false, pageLoadStrategy: normal, platform: WINDOWS, platformName: WINDOWS, proxy: Proxy(), setWindowRect: true, strictFileInteractability: false, timeouts: {implicit: 0, pageLoad: 300000, script: 30000}, unhandledPromptBehavior: dismiss and notify, webauthn:virtualAuthenticators: true}
Session ID: 2fc51f4b5b9b5e14d71eaf2db0480461
*** Element info: {Using=xpath, value=//table[@class=&apos;ui celled sortable striped table custom-grid table-scroll&apos;]}" type="org.openqa.selenium.WebDriverException">org.openqa.selenium.WebDriverException: chrome not reachable
  (Session info: chrome=81.0.4044.113)
Build info: version: &apos;3.141.59&apos;, revision: &apos;e82be7d358&apos;, time: &apos;2018-11-14T08:17:03&apos;
System info: host: &apos;ATAUSER9-PC&apos;, ip: &apos;192.168.29.200&apos;, os.name: &apos;Windows 7&apos;, os.arch: &apos;amd64&apos;, os.version: &apos;6.1&apos;, java.version: &apos;1.8.0_221&apos;
Driver info: org.openqa.selenium.chrome.ChromeDriver
Capabilities {acceptInsecureCerts: false, browserName: chrome, browserVersion: 81.0.4044.113, chrome: {chromedriverVersion: 81.0.4044.69 (6813546031a4b..., userDataDir: C:\Users\Sainath\AppData\Lo...}, goog:chromeOptions: {debuggerAddress: localhost:53016}, javascriptEnabled: true, networkConnectionEnabled: false, pageLoadStrategy: normal, platform: WINDOWS, platformName: WINDOWS, proxy: Proxy(), setWindowRect: true, strictFileInteractability: false, timeouts: {implicit: 0, pageLoad: 300000, script: 30000}, unhandledPromptBehavior: dismiss and notify, webauthn:virtualAuthenticators: true}
Session ID: 2fc51f4b5b9b5e14d71eaf2db0480461
*** Element info: {Using=xpath, value=//table[@class=&apos;ui celled sortable striped table custom-grid table-scroll&apos;]}
	at sun.reflect.NativeConstructorAccessorImpl.newInstance0(Native Method)
	at sun.reflect.NativeConstructorAccessorImpl.newInstance(NativeConstructorAccessorImpl.java:62)
	at sun.reflect.DelegatingConstructorAccessorImpl.newInstance(DelegatingConstructorAccessorImpl.java:45)
	at java.lang.reflect.Constructor.newInstance(Constructor.java:423)
	at org.openqa.selenium.remote.http.W3CHttpResponseCodec.createException(W3CHttpResponseCodec.java:187)
	at org.openqa.selenium.remote.http.W3CHttpResponseCodec.decode(W3CHttpResponseCodec.java:122)
	at org.openqa.selenium.remote.http.W3CHttpResponseCodec.decode(W3CHttpResponseCodec.java:49)
	at org.openqa.selenium.remote.HttpCommandExecutor.execute(HttpCommandExecutor.java:158)
	at org.openqa.selenium.remote.service.DriverCommandExecutor.execute(DriverCommandExecutor.java:83)
	at org.openqa.selenium.remote.RemoteWebDriver.execute(RemoteWebDriver.java:552)
	at org.openqa.selenium.remote.RemoteWebDriver.findElement(RemoteWebDriver.java:323)
	at org.openqa.selenium.remote.RemoteWebDriver.findElementByXPath(RemoteWebDriver.java:428)
	at org.openqa.selenium.By$ByXPath.findElement(By.java:353)
	at org.openqa.selenium.remote.RemoteWebDriver.findElement(RemoteWebDriver.java:315)
	at sun.reflect.NativeMethodAccessorImpl.invoke0(Native Method)
	at sun.reflect.NativeMethodAccessorImpl.invoke(NativeMethodAccessorImpl.java:62)
	at sun.reflect.DelegatingMethodAccessorImpl.invoke(DelegatingMethodAccessorImpl.java:43)
	at java.lang.reflect.Method.invoke(Method.java:498)
	at org.openqa.selenium.support.events.EventFiringWebDriver.lambda$new$1(EventFiringWebDriver.java:105)
	at com.sun.proxy.$Proxy6.findElement(Unknown Source)
	at org.openqa.selenium.support.events.EventFiringWebDriver.findElement(EventFiringWebDriver.java:194)
	at org.openqa.selenium.support.pagefactory.DefaultElementLocator.findElement(DefaultElementLocator.java:69)
	at org.openqa.selenium.support.pagefactory.internal.LocatingElementHandler.invoke(LocatingElementHandler.java:38)
	at com.sun.proxy.$Proxy10.findElements(Unknown Source)
	at com.crm.qa.pages.ContactsPage.getTableData(ContactsPage.java:67)
	at com.crm.qa.tests.ContactsPageTest.validateContactsTable(ContactsPageTest.java:54)
</failure>
    <system-out>Trying to find Element By : By.xpath: //table[@class=&apos;ui celled sortable striped table custom-grid table-scroll&apos;]
Exception occured: org.openqa.selenium.WebDriverException: chrome not reachable
  (Session info: chrome=81.0.4044.113)
Build info: version: &apos;3.141.59&apos;, revision: &apos;e82be7d358&apos;, time: &apos;2018-11-14T08:17:03&apos;
System info: host: &apos;ATAUSER9-PC&apos;, ip: &apos;192.168.29.200&apos;, os.name: &apos;Windows 7&apos;, os.arch: &apos;amd64&apos;, os.version: &apos;6.1&apos;, java.version: &apos;1.8.0_221&apos;
Driver info: org.openqa.selenium.chrome.ChromeDriver
Capabilities {acceptInsecureCerts: false, browserName: chrome, browserVersion: 81.0.4044.113, chrome: {chromedriverVersion: 81.0.4044.69 (6813546031a4b..., userDataDir: C:\Users\Sainath\AppData\Lo...}, goog:chromeOptions: {debuggerAddress: localhost:53016}, javascriptEnabled: true, networkConnectionEnabled: false, pageLoadStrategy: normal, platform: WINDOWS, platformName: WINDOWS, proxy: Proxy(), setWindowRect: true, strictFileInteractability: false, timeouts: {implicit: 0, pageLoad: 300000, script: 30000}, unhandledPromptBehavior: dismiss and notify, webauthn:virtualAuthenticators: true}
Session ID: 2fc51f4b5b9b5e14d71eaf2db0480461
*** Element info: {Using=xpath, value=//table[@class=&apos;ui celled sortable striped table custom-grid table-scroll&apos;]}
</system-out>
  </testcase>
  <testcase classname="com.crm.qa.tests.HomePageTest" name="validateHomePageTitleTest" time="0.017">
    <failure message="expected [Cogmento CRM] but found [Free CRM #1 cloud software for any business large or small]" type="java.lang.AssertionError">java.lang.AssertionError: expected [Cogmento CRM] but found [Free CRM #1 cloud software for any business large or small]
	at org.testng.Assert.fail(Assert.java:97)
	at org.testng.Assert.assertEqualsImpl(Assert.java:136)
	at org.testng.Assert.assertEquals(Assert.java:118)
	at org.testng.Assert.assertEquals(Assert.java:575)
	at org.testng.Assert.assertEquals(Assert.java:585)
	at com.crm.qa.tests.HomePageTest.validateHomePageTitleTest(HomePageTest.java:31)
</failure>
  </testcase>
  <testcase classname="com.crm.qa.tests.HomePageTest" name="validateDealsLink" time="4.631">
    <failure message="chrome not reachable
  (Session info: chrome=81.0.4044.113)
Build info: version: &apos;3.141.59&apos;, revision: &apos;e82be7d358&apos;, time: &apos;2018-11-14T08:17:03&apos;
System info: host: &apos;ATAUSER9-PC&apos;, ip: &apos;192.168.29.200&apos;, os.name: &apos;Windows 7&apos;, os.arch: &apos;amd64&apos;, os.version: &apos;6.1&apos;, java.version: &apos;1.8.0_221&apos;
Driver info: org.openqa.selenium.chrome.ChromeDriver
Capabilities {acceptInsecureCerts: false, browserName: chrome, browserVersion: 81.0.4044.113, chrome: {chromedriverVersion: 81.0.4044.69 (6813546031a4b..., userDataDir: C:\Users\Sainath\AppData\Lo...}, goog:chromeOptions: {debuggerAddress: localhost:53068}, javascriptEnabled: true, networkConnectionEnabled: false, pageLoadStrategy: normal, platform: WINDOWS, platformName: WINDOWS, proxy: Proxy(), setWindowRect: true, strictFileInteractability: false, timeouts: {implicit: 0, pageLoad: 300000, script: 30000}, unhandledPromptBehavior: dismiss and notify, webauthn:virtualAuthenticators: true}
Session ID: ba6a3329ca3847e858f2f2957fb9cfc4
*** Element info: {Using=xpath, value=//span[contains(text(),&apos;Deals&apos;)]}" type="org.openqa.selenium.WebDriverException">org.openqa.selenium.WebDriverException: chrome not reachable
  (Session info: chrome=81.0.4044.113)
Build info: version: &apos;3.141.59&apos;, revision: &apos;e82be7d358&apos;, time: &apos;2018-11-14T08:17:03&apos;
System info: host: &apos;ATAUSER9-PC&apos;, ip: &apos;192.168.29.200&apos;, os.name: &apos;Windows 7&apos;, os.arch: &apos;amd64&apos;, os.version: &apos;6.1&apos;, java.version: &apos;1.8.0_221&apos;
Driver info: org.openqa.selenium.chrome.ChromeDriver
Capabilities {acceptInsecureCerts: false, browserName: chrome, browserVersion: 81.0.4044.113, chrome: {chromedriverVersion: 81.0.4044.69 (6813546031a4b..., userDataDir: C:\Users\Sainath\AppData\Lo...}, goog:chromeOptions: {debuggerAddress: localhost:53068}, javascriptEnabled: true, networkConnectionEnabled: false, pageLoadStrategy: normal, platform: WINDOWS, platformName: WINDOWS, proxy: Proxy(), setWindowRect: true, strictFileInteractability: false, timeouts: {implicit: 0, pageLoad: 300000, script: 30000}, unhandledPromptBehavior: dismiss and notify, webauthn:virtualAuthenticators: true}
Session ID: ba6a3329ca3847e858f2f2957fb9cfc4
*** Element info: {Using=xpath, value=//span[contains(text(),&apos;Deals&apos;)]}
	at sun.reflect.NativeConstructorAccessorImpl.newInstance0(Native Method)
	at sun.reflect.NativeConstructorAccessorImpl.newInstance(NativeConstructorAccessorImpl.java:62)
	at sun.reflect.DelegatingConstructorAccessorImpl.newInstance(DelegatingConstructorAccessorImpl.java:45)
	at java.lang.reflect.Constructor.newInstance(Constructor.java:423)
	at org.openqa.selenium.remote.http.W3CHttpResponseCodec.createException(W3CHttpResponseCodec.java:187)
	at org.openqa.selenium.remote.http.W3CHttpResponseCodec.decode(W3CHttpResponseCodec.java:122)
	at org.openqa.selenium.remote.http.W3CHttpResponseCodec.decode(W3CHttpResponseCodec.java:49)
	at org.openqa.selenium.remote.HttpCommandExecutor.execute(HttpCommandExecutor.java:158)
	at org.openqa.selenium.remote.service.DriverCommandExecutor.execute(DriverCommandExecutor.java:83)
	at org.openqa.selenium.remote.RemoteWebDriver.execute(RemoteWebDriver.java:552)
	at org.openqa.selenium.remote.RemoteWebDriver.findElement(RemoteWebDriver.java:323)
	at org.openqa.selenium.remote.RemoteWebDriver.findElementByXPath(RemoteWebDriver.java:428)
	at org.openqa.selenium.By$ByXPath.findElement(By.java:353)
	at org.openqa.selenium.remote.RemoteWebDriver.findElement(RemoteWebDriver.java:315)
	at sun.reflect.NativeMethodAccessorImpl.invoke0(Native Method)
	at sun.reflect.NativeMethodAccessorImpl.invoke(NativeMethodAccessorImpl.java:62)
	at sun.reflect.DelegatingMethodAccessorImpl.invoke(DelegatingMethodAccessorImpl.java:43)
	at java.lang.reflect.Method.invoke(Method.java:498)
	at org.openqa.selenium.support.events.EventFiringWebDriver.lambda$new$1(EventFiringWebDriver.java:105)
	at com.sun.proxy.$Proxy6.findElement(Unknown Source)
	at org.openqa.selenium.support.events.EventFiringWebDriver.findElement(EventFiringWebDriver.java:194)
	at org.openqa.selenium.support.pagefactory.DefaultElementLocator.findElement(DefaultElementLocator.java:69)
	at org.openqa.selenium.support.pagefactory.internal.LocatingElementHandler.invoke(LocatingElementHandler.java:38)
	at com.sun.proxy.$Proxy10.click(Unknown Source)
	at com.crm.qa.pages.HomePage.ckickDealsLink(HomePage.java:44)
	at com.crm.qa.tests.HomePageTest.validateDealsLink(HomePageTest.java:42)
</failure>
    <system-out>Trying to find Element By : By.xpath: //span[contains(text(),&apos;Deals&apos;)]
Exception occured: org.openqa.selenium.WebDriverException: chrome not reachable
  (Session info: chrome=81.0.4044.113)
Build info: version: &apos;3.141.59&apos;, revision: &apos;e82be7d358&apos;, time: &apos;2018-11-14T08:17:03&apos;
System info: host: &apos;ATAUSER9-PC&apos;, ip: &apos;192.168.29.200&apos;, os.name: &apos;Windows 7&apos;, os.arch: &apos;amd64&apos;, os.version: &apos;6.1&apos;, java.version: &apos;1.8.0_221&apos;
Driver info: org.openqa.selenium.chrome.ChromeDriver
Capabilities {acceptInsecureCerts: false, browserName: chrome, browserVersion: 81.0.4044.113, chrome: {chromedriverVersion: 81.0.4044.69 (6813546031a4b..., userDataDir: C:\Users\Sainath\AppData\Lo...}, goog:chromeOptions: {debuggerAddress: localhost:53068}, javascriptEnabled: true, networkConnectionEnabled: false, pageLoadStrategy: normal, platform: WINDOWS, platformName: WINDOWS, proxy: Proxy(), setWindowRect: true, strictFileInteractability: false, timeouts: {implicit: 0, pageLoad: 300000, script: 30000}, unhandledPromptBehavior: dismiss and notify, webauthn:virtualAuthenticators: true}
Session ID: ba6a3329ca3847e858f2f2957fb9cfc4
*** Element info: {Using=xpath, value=//span[contains(text(),&apos;Deals&apos;)]}
</system-out>
  </testcase>
  <testcase classname="com.crm.qa.tests.HomePageTest" name="validateUsername" time="4.417">
    <failure message="chrome not reachable
  (Session info: chrome=81.0.4044.113)
Build info: version: &apos;3.141.59&apos;, revision: &apos;e82be7d358&apos;, time: &apos;2018-11-14T08:17:03&apos;
System info: host: &apos;ATAUSER9-PC&apos;, ip: &apos;192.168.29.200&apos;, os.name: &apos;Windows 7&apos;, os.arch: &apos;amd64&apos;, os.version: &apos;6.1&apos;, java.version: &apos;1.8.0_221&apos;
Driver info: org.openqa.selenium.chrome.ChromeDriver
Capabilities {acceptInsecureCerts: false, browserName: chrome, browserVersion: 81.0.4044.113, chrome: {chromedriverVersion: 81.0.4044.69 (6813546031a4b..., userDataDir: C:\Users\Sainath\AppData\Lo...}, goog:chromeOptions: {debuggerAddress: localhost:53068}, javascriptEnabled: true, networkConnectionEnabled: false, pageLoadStrategy: normal, platform: WINDOWS, platformName: WINDOWS, proxy: Proxy(), setWindowRect: true, strictFileInteractability: false, timeouts: {implicit: 0, pageLoad: 300000, script: 30000}, unhandledPromptBehavior: dismiss and notify, webauthn:virtualAuthenticators: true}
Session ID: ba6a3329ca3847e858f2f2957fb9cfc4
*** Element info: {Using=xpath, value=//span[@class=&apos;user-display&apos;]}" type="org.openqa.selenium.WebDriverException">org.openqa.selenium.WebDriverException: chrome not reachable
  (Session info: chrome=81.0.4044.113)
Build info: version: &apos;3.141.59&apos;, revision: &apos;e82be7d358&apos;, time: &apos;2018-11-14T08:17:03&apos;
System info: host: &apos;ATAUSER9-PC&apos;, ip: &apos;192.168.29.200&apos;, os.name: &apos;Windows 7&apos;, os.arch: &apos;amd64&apos;, os.version: &apos;6.1&apos;, java.version: &apos;1.8.0_221&apos;
Driver info: org.openqa.selenium.chrome.ChromeDriver
Capabilities {acceptInsecureCerts: false, browserName: chrome, browserVersion: 81.0.4044.113, chrome: {chromedriverVersion: 81.0.4044.69 (6813546031a4b..., userDataDir: C:\Users\Sainath\AppData\Lo...}, goog:chromeOptions: {debuggerAddress: localhost:53068}, javascriptEnabled: true, networkConnectionEnabled: false, pageLoadStrategy: normal, platform: WINDOWS, platformName: WINDOWS, proxy: Proxy(), setWindowRect: true, strictFileInteractability: false, timeouts: {implicit: 0, pageLoad: 300000, script: 30000}, unhandledPromptBehavior: dismiss and notify, webauthn:virtualAuthenticators: true}
Session ID: ba6a3329ca3847e858f2f2957fb9cfc4
*** Element info: {Using=xpath, value=//span[@class=&apos;user-display&apos;]}
	at sun.reflect.NativeConstructorAccessorImpl.newInstance0(Native Method)
	at sun.reflect.NativeConstructorAccessorImpl.newInstance(NativeConstructorAccessorImpl.java:62)
	at sun.reflect.DelegatingConstructorAccessorImpl.newInstance(DelegatingConstructorAccessorImpl.java:45)
	at java.lang.reflect.Constructor.newInstance(Constructor.java:423)
	at org.openqa.selenium.remote.http.W3CHttpResponseCodec.createException(W3CHttpResponseCodec.java:187)
	at org.openqa.selenium.remote.http.W3CHttpResponseCodec.decode(W3CHttpResponseCodec.java:122)
	at org.openqa.selenium.remote.http.W3CHttpResponseCodec.decode(W3CHttpResponseCodec.java:49)
	at org.openqa.selenium.remote.HttpCommandExecutor.execute(HttpCommandExecutor.java:158)
	at org.openqa.selenium.remote.service.DriverCommandExecutor.execute(DriverCommandExecutor.java:83)
	at org.openqa.selenium.remote.RemoteWebDriver.execute(RemoteWebDriver.java:552)
	at org.openqa.selenium.remote.RemoteWebDriver.findElement(RemoteWebDriver.java:323)
	at org.openqa.selenium.remote.RemoteWebDriver.findElementByXPath(RemoteWebDriver.java:428)
	at org.openqa.selenium.By$ByXPath.findElement(By.java:353)
	at org.openqa.selenium.remote.RemoteWebDriver.findElement(RemoteWebDriver.java:315)
	at sun.reflect.NativeMethodAccessorImpl.invoke0(Native Method)
	at sun.reflect.NativeMethodAccessorImpl.invoke(NativeMethodAccessorImpl.java:62)
	at sun.reflect.DelegatingMethodAccessorImpl.invoke(DelegatingMethodAccessorImpl.java:43)
	at java.lang.reflect.Method.invoke(Method.java:498)
	at org.openqa.selenium.support.events.EventFiringWebDriver.lambda$new$1(EventFiringWebDriver.java:105)
	at com.sun.proxy.$Proxy6.findElement(Unknown Source)
	at org.openqa.selenium.support.events.EventFiringWebDriver.findElement(EventFiringWebDriver.java:194)
	at org.openqa.selenium.support.pagefactory.DefaultElementLocator.findElement(DefaultElementLocator.java:69)
	at org.openqa.selenium.support.pagefactory.internal.LocatingElementHandler.invoke(LocatingElementHandler.java:38)
	at com.sun.proxy.$Proxy10.getText(Unknown Source)
	at com.crm.qa.pages.HomePage.getUsername(HomePage.java:40)
	at com.crm.qa.tests.HomePageTest.validateUsername(HomePageTest.java:36)
</failure>
    <system-out>Trying to find Element By : By.xpath: //span[@class=&apos;user-display&apos;]
Exception occured: org.openqa.selenium.WebDriverException: chrome not reachable
  (Session info: chrome=81.0.4044.113)
Build info: version: &apos;3.141.59&apos;, revision: &apos;e82be7d358&apos;, time: &apos;2018-11-14T08:17:03&apos;
System info: host: &apos;ATAUSER9-PC&apos;, ip: &apos;192.168.29.200&apos;, os.name: &apos;Windows 7&apos;, os.arch: &apos;amd64&apos;, os.version: &apos;6.1&apos;, java.version: &apos;1.8.0_221&apos;
Driver info: org.openqa.selenium.chrome.ChromeDriver
Capabilities {acceptInsecureCerts: false, browserName: chrome, browserVersion: 81.0.4044.113, chrome: {chromedriverVersion: 81.0.4044.69 (6813546031a4b..., userDataDir: C:\Users\Sainath\AppData\Lo...}, goog:chromeOptions: {debuggerAddress: localhost:53068}, javascriptEnabled: true, networkConnectionEnabled: false, pageLoadStrategy: normal, platform: WINDOWS, platformName: WINDOWS, proxy: Proxy(), setWindowRect: true, strictFileInteractability: false, timeouts: {implicit: 0, pageLoad: 300000, script: 30000}, unhandledPromptBehavior: dismiss and notify, webauthn:virtualAuthenticators: true}
Session ID: ba6a3329ca3847e858f2f2957fb9cfc4
*** Element info: {Using=xpath, value=//span[@class=&apos;user-display&apos;]}
</system-out>
  </testcase>
  <testcase classname="com.crm.qa.tests.loginPageTest" name="validateLoginPageTitleTest" time="0.009"/>
  <testcase classname="com.crm.qa.tests.loginPageTest" name="validateCRMLogoTest" time="0.078"/>
  <testcase classname="com.crm.qa.tests.loginPageTest" name="validateLoginTest" time="4.233"/>
</testsuite>